<?xml version="1.0" encoding="UTF-8"?>
<testsuite xmlns:xsi="http://www.w3.org/2001/XMLSchema-instance" xsi:noNamespaceSchemaLocation="https://maven.apache.org/surefire/maven-surefire-plugin/xsd/surefire-test-report-3.0.xsd" version="3.0" name="com.capturex.learningartifact.domain.LearningArtifactRepositoryTest" time="3.433" tests="1" errors="0" skipped="0" failures="0">
  <properties>
[...]
</properties>
  <testcase name="should_persist_learning_artifact" classname="com.capturex.learningartifact.domain.LearningArtifactRepositoryTest" time="0.483">
    <system-out><![CDATA[20:19:31.977 [main] INFO org.springframework.test.context.support.AnnotationConfigContextLoaderUtils -- Could not detect default configuration classes for test class [com.capturex.learningartifact.domain.LearningArtifactRepositoryTest]: LearningArtifactRepositoryTest does not declare any static, non-private, non-final, nested classes annotated with @Configuration.
20:19:32.070 [main] INFO org.springframework.boot.test.context.SpringBootTestContextBootstrapper -- Found @SpringBootConfiguration com.capturex.CapturexApplication for test class com.capturex.learningartifact.domain.LearningArtifactRepositoryTest

  .   ____          _            __ _ _
 /\\ / ___'_ __ _ _(_)_ __  __ _ \ \ \ \
( ( )\___ | '_ | '_| | '_ \/ _` | \ \ \ \
 \\/  ___)| |_)| | | | | || (_| |  ) ) ) )
  '  |____| .__|_| |_|_| |_\__, | / / / /
 =========|_|==============|___/=/_/_/_/
 :: Spring Boot ::                (v3.2.2)

2026-02-12T20:19:32.440+01:00  INFO 34834 --- [           main] c.c.l.d.LearningArtifactRepositoryTest   : Starting LearningArtifactRepositoryTest using Java 21.0.7 with PID 34834 (started by anaboyero in /home/anaboyero/capturex)
2026-02-12T20:19:32.441+01:00  INFO 34834 --- [           main] c.c.l.d.LearningArtifactRepositoryTest   : No active profile set, falling back to 1 default profile: "default"
2026-02-12T20:19:32.794+01:00  INFO 34834 --- [           main] .s.d.r.c.RepositoryConfigurationDelegate : Bootstrapping Spring Data JPA repositories in DEFAULT mode.
2026-02-12T20:19:32.859+01:00  INFO 34834 --- [           main] .s.d.r.c.RepositoryConfigurationDelegate : Finished Spring Data repository scanning in 54 ms. Found 1 JPA repository interface.
2026-02-12T20:19:32.937+01:00  INFO 34834 --- [           main] beddedDataSourceBeanFactoryPostProcessor : Replacing 'dataSource' DataSource bean with embedded version
2026-02-12T20:19:33.151+01:00  INFO 34834 --- [           main] o.s.j.d.e.EmbeddedDatabaseFactory        : Starting embedded database: url='jdbc:h2:mem:9f63b598-9b36-4887-9f9e-f0429c9bea1d;DB_CLOSE_DELAY=-1;DB_CLOSE_ON_EXIT=false', username='sa'
2026-02-12T20:19:33.428+01:00  INFO 34834 --- [           main] o.hibernate.jpa.internal.util.LogHelper  : HHH000204: Processing PersistenceUnitInfo [name: default]
2026-02-12T20:19:33.466+01:00  INFO 34834 --- [           main] org.hibernate.Version                    : HHH000412: Hibernate ORM core version 6.4.1.Final
2026-02-12T20:19:33.491+01:00  INFO 34834 --- [           main] o.h.c.internal.RegionFactoryInitiator    : HHH000026: Second-level cache disabled
2026-02-12T20:19:33.659+01:00  INFO 34834 --- [           main] o.s.o.j.p.SpringPersistenceUnitInfo      : No LoadTimeWeaver setup: ignoring JPA class transformer
2026-02-12T20:19:33.683+01:00  WARN 34834 --- [           main] org.hibernate.orm.deprecation            : HHH90000025: H2Dialect does not need to be specified explicitly using 'hibernate.dialect' (remove the property setting and it will be selected by default)
2026-02-12T20:19:34.234+01:00  INFO 34834 --- [           main] o.h.m.i.EntityInstantiatorPojoStandard   : HHH000182: No default (no-argument) constructor for class: com.capturex.learningartifact.domain.LearningArtifact (class must be instantiated by Interceptor)
2026-02-12T20:19:34.331+01:00  INFO 34834 --- [           main] o.h.e.t.j.p.i.JtaPlatformInitiator       : HHH000489: No JTA platform available (set 'hibernate.transaction.jta.platform' to enable JTA platform integration)
Hibernate: 
    drop table if exists learning_artifact cascade 
Hibernate: 
    create table learning_artifact (
        id bigint generated by default as identity,
        descripcion varchar(255),
        leccion_aprendida varchar(255),
        url varchar(255),
        primary key (id)
    )
2026-02-12T20:19:34.356+01:00  INFO 34834 --- [           main] j.LocalContainerEntityManagerFactoryBean : Initialized JPA EntityManagerFactory for persistence unit 'default'
2026-02-12T20:19:34.755+01:00  INFO 34834 --- [           main] c.c.l.d.LearningArtifactRepositoryTest   : Started LearningArtifactRepositoryTest in 2.631 seconds (process running for 3.332)
Hibernate: 
    insert 
    into
        learning_artifact
        (descripcion, leccion_aprendida, url, id) 
    values
        (?, ?, ?, default)
]]></system-out>
    <system-err><![CDATA[WARNING: A Java agent has been loaded dynamically (/home/anaboyero/.m2/repository/net/bytebuddy/byte-buddy-agent/1.14.1/byte-buddy-agent-1.14.1.jar)
WARNING: If a serviceability tool is in use, please run with -XX:+EnableDynamicAgentLoading to hide this warning
WARNING: If a serviceability tool is not in use, please run with -Djdk.instrument.traceUsage for more information
WARNING: Dynamic loading of agents will be disallowed by default in a future release
]]></system-err>
  </testcase>
</testsuite>